<?xml version="1.0" encoding="UTF-8"?>
<testng-results skipped="0" failed="0" ignored="0" total="3" passed="3">
  <reporter-output>
  </reporter-output>
  <suite name="Default suite" duration-ms="62" started-at="2019-12-28T14:13:47 IST" finished-at="2019-12-28T14:13:47 IST">
    <groups>
    </groups>
    <test name="Default test" duration-ms="62" started-at="2019-12-28T14:13:47 IST" finished-at="2019-12-28T14:13:47 IST">
      <class name="Tests.Sequence">
        <test-method status="PASS" signature="Beforesuit()[pri:0, instance:Tests.Sequence@67784306]" name="Beforesuit" is-config="true" duration-ms="13" started-at="2019-12-28T14:13:47 IST" finished-at="2019-12-28T14:13:47 IST">
          <reporter-output>
          </reporter-output>
        </test-method> <!-- Beforesuit -->
        <test-method status="PASS" signature="BeforeTest()[pri:0, instance:Tests.Sequence@67784306]" name="BeforeTest" is-config="true" duration-ms="0" started-at="2019-12-28T14:13:47 IST" finished-at="2019-12-28T14:13:47 IST">
          <reporter-output>
          </reporter-output>
        </test-method> <!-- BeforeTest -->
        <test-method status="PASS" signature="BeforeClass()[pri:0, instance:Tests.Sequence@67784306]" name="BeforeClass" is-config="true" duration-ms="0" started-at="2019-12-28T14:13:47 IST" finished-at="2019-12-28T14:13:47 IST">
          <reporter-output>
          </reporter-output>
        </test-method> <!-- BeforeClass -->
        <test-method status="PASS" signature="BeforeMethod()[pri:0, instance:Tests.Sequence@67784306]" name="BeforeMethod" is-config="true" duration-ms="1" started-at="2019-12-28T14:13:47 IST" finished-at="2019-12-28T14:13:47 IST">
          <reporter-output>
          </reporter-output>
        </test-method> <!-- BeforeMethod -->
        <test-method status="PASS" signature="Testcase1()[pri:0, instance:Tests.Sequence@67784306]" name="Testcase1" duration-ms="8" started-at="2019-12-28T14:13:47 IST" finished-at="2019-12-28T14:13:47 IST">
          <reporter-output>
          </reporter-output>
        </test-method> <!-- Testcase1 -->
        <test-method status="PASS" signature="AfterMethod()[pri:0, instance:Tests.Sequence@67784306]" name="AfterMethod" is-config="true" duration-ms="2" started-at="2019-12-28T14:13:47 IST" finished-at="2019-12-28T14:13:47 IST">
          <reporter-output>
          </reporter-output>
        </test-method> <!-- AfterMethod -->
        <test-method status="PASS" signature="BeforeMethod()[pri:0, instance:Tests.Sequence@67784306]" name="BeforeMethod" is-config="true" duration-ms="1" started-at="2019-12-28T14:13:47 IST" finished-at="2019-12-28T14:13:47 IST">
          <reporter-output>
          </reporter-output>
        </test-method> <!-- BeforeMethod -->
        <test-method status="PASS" signature="Testcase2()[pri:0, instance:Tests.Sequence@67784306]" name="Testcase2" duration-ms="3" started-at="2019-12-28T14:13:47 IST" finished-at="2019-12-28T14:13:47 IST">
          <reporter-output>
          </reporter-output>
        </test-method> <!-- Testcase2 -->
        <test-method status="PASS" signature="AfterMethod()[pri:0, instance:Tests.Sequence@67784306]" name="AfterMethod" is-config="true" duration-ms="0" started-at="2019-12-28T14:13:47 IST" finished-at="2019-12-28T14:13:47 IST">
          <reporter-output>
          </reporter-output>
        </test-method> <!-- AfterMethod -->
        <test-method status="PASS" signature="BeforeMethod()[pri:0, instance:Tests.Sequence@67784306]" name="BeforeMethod" is-config="true" duration-ms="1" started-at="2019-12-28T14:13:47 IST" finished-at="2019-12-28T14:13:47 IST">
          <reporter-output>
          </reporter-output>
        </test-method> <!-- BeforeMethod -->
        <test-method status="PASS" signature="Testcase3()[pri:0, instance:Tests.Sequence@67784306]" name="Testcase3" duration-ms="2" started-at="2019-12-28T14:13:47 IST" finished-at="2019-12-28T14:13:47 IST">
          <reporter-output>
          </reporter-output>
        </test-method> <!-- Testcase3 -->
        <test-method status="PASS" signature="AfterMethod()[pri:0, instance:Tests.Sequence@67784306]" name="AfterMethod" is-config="true" duration-ms="2" started-at="2019-12-28T14:13:47 IST" finished-at="2019-12-28T14:13:47 IST">
          <reporter-output>
          </reporter-output>
        </test-method> <!-- AfterMethod -->
        <test-method status="PASS" signature="AfterClass()[pri:0, instance:Tests.Sequence@67784306]" name="AfterClass" is-config="true" duration-ms="1" started-at="2019-12-28T14:13:47 IST" finished-at="2019-12-28T14:13:47 IST">
          <reporter-output>
          </reporter-output>
        </test-method> <!-- AfterClass -->
        <test-method status="PASS" signature="AfterSuite()[pri:0, instance:Tests.Sequence@67784306]" name="AfterSuite" is-config="true" duration-ms="1" started-at="2019-12-28T14:13:48 IST" finished-at="2019-12-28T14:13:48 IST">
          <reporter-output>
          </reporter-output>
        </test-method> <!-- AfterSuite -->
      </class> <!-- Tests.Sequence -->
    </test> <!-- Default test -->
  </suite> <!-- Default suite -->
</testng-results>
